<?xml version="1.0" encoding="UTF-8" standalone="yes"?><!DOCTYPE report PUBLIC "-//JACOCO//DTD Report 1.1//EN" "report.dtd"><report name="Calculator Program for DevOps Programs"><sessioninfo id="master-27ec6425" start="1631559981047" dump="1631559981825"/><sessioninfo id="master-2b732fdd" start="1631560874027" dump="1631560874894"/><package name="com/example"><class name="com/example/Calculator" sourcefilename="Calculator.java"><method name="&lt;init&gt;" desc="()V" line="12"><counter type="INSTRUCTION" missed="0" covered="3"/><counter type="LINE" missed="0" covered="1"/><counter type="COMPLEXITY" missed="0" covered="1"/><counter type="METHOD" missed="0" covered="1"/></method><method name="doGet" desc="(Ljavax/servlet/http/HttpServletRequest;Ljavax/servlet/http/HttpServletResponse;)V" line="20"><counter type="INSTRUCTION" missed="39" covered="66"/><counter type="BRANCH" missed="4" covered="4"/><counter type="LINE" missed="3" covered="18"/><counter type="COMPLEXITY" missed="4" covered="1"/><counter type="METHOD" missed="0" covered="1"/></method><method name="add" desc="(II)I" line="64"><counter type="INSTRUCTION" missed="0" covered="4"/><counter type="LINE" missed="0" covered="1"/><counter type="COMPLEXITY" missed="0" covered="1"/><counter type="METHOD" missed="0" covered="1"/></method><method name="sub" desc="(II)I" line="68"><counter type="INSTRUCTION" missed="4" covered="0"/><counter type="LINE" missed="1" covered="0"/><counter type="COMPLEXITY" missed="1" covered="0"/><counter type="METHOD" missed="1" covered="0"/></method><method name="mul" desc="(II)I" line="72"><counter type="INSTRUCTION" missed="4" covered="0"/><counter type="LINE" missed="1" covered="0"/><counter type="COMPLEXITY" missed="1" covered="0"/><counter type="METHOD" missed="1" covered="0"/></method><method name="div" desc="(II)I" line="76"><counter type="INSTRUCTION" missed="0" covered="4"/><counter type="LINE" missed="0" covered="1"/><counter type="COMPLEXITY" missed="0" covered="1"/><counter type="METHOD" missed="0" covered="1"/></method><counter type="INSTRUCTION" missed="47" covered="77"/><counter type="BRANCH" missed="4" covered="4"/><counter type="LINE" missed="5" covered="21"/><counter type="COMPLEXITY" missed="6" covered="4"/><counter type="METHOD" missed="2" covered="4"/><counter type="CLASS" missed="0" covered="1"/></class><sourcefile name="Calculator.java"><line nr="12" mi="0" ci="3" mb="0" cb="0"/><line nr="20" mi="0" ci="3" mb="0" cb="0"/><line nr="21" mi="0" ci="3" mb="0" cb="0"/><line nr="25" mi="0" ci="3" mb="0" cb="0"/><line nr="26" mi="0" ci="3" mb="0" cb="0"/><line nr="27" mi="0" ci="3" mb="0" cb="0"/><line nr="29" mi="0" ci="5" mb="0" cb="0"/><line nr="30" mi="0" ci="5" mb="0" cb="0"/><line nr="32" mi="0" ci="4" mb="1" cb="1"/><line nr="34" mi="0" ci="13" mb="0" cb="0"/><line nr="36" mi="0" ci="4" mb="1" cb="1"/><line nr="38" mi="13" ci="0" mb="0" cb="0"/><line nr="40" mi="0" ci="4" mb="1" cb="1"/><line nr="42" mi="13" ci="0" mb="0" cb="0"/><line nr="44" mi="0" ci="4" mb="1" cb="1"/><line nr="46" mi="13" ci="0" mb="0" cb="0"/><line nr="54" mi="0" ci="3" mb="0" cb="0"/><line nr="55" mi="0" ci="3" mb="0" cb="0"/><line nr="58" mi="0" ci="1" mb="0" cb="0"/><line nr="60" mi="0" ci="3" mb="0" cb="0"/><line nr="61" mi="0" ci="1" mb="0" cb="0"/><line nr="62" mi="0" ci="1" mb="0" cb="0"/><line nr="64" mi="0" ci="4" mb="0" cb="0"/><line nr="68" mi="4" ci="0" mb="0" cb="0"/><line nr="72" mi="4" ci="0" mb="0" cb="0"/><line nr="76" mi="0" ci="4" mb="0" cb="0"/><counter type="INSTRUCTION" missed="47" covered="77"/><counter type="BRANCH" missed="4" covered="4"/><counter type="LINE" missed="5" covered="21"/><counter type="COMPLEXITY" missed="6" covered="4"/><counter type="METHOD" missed="2" covered="4"/><counter type="CLASS" missed="0" covered="1"/></sourcefile><counter type="INSTRUCTION" missed="47" covered="77"/><counter type="BRANCH" missed="4" covered="4"/><counter type="LINE" missed="5" covered="21"/><counter type="COMPLEXITY" missed="6" covered="4"/><counter type="METHOD" missed="2" covered="4"/><counter type="CLASS" missed="0" covered="1"/></package><counter type="INSTRUCTION" missed="47" covered="77"/><counter type="BRANCH" missed="4" covered="4"/><counter type="LINE" missed="5" covered="21"/><counter type="COMPLEXITY" missed="6" covered="4"/><counter type="METHOD" missed="2" covered="4"/><counter type="CLASS" missed="0" covered="1"/></report>